<?xml version="1.0" encoding="UTF-8"?>
<!-- Generated by org.testng.reporters.JUnitReportReporter -->
<testsuite hostname="DESKTOP-VP49CP5" failures="0" tests="1" name="organisation.IT_ORGANISATION_01_Test" time="19.159" errors="0" timestamp="2023-08-21T22:39:11 IST" skipped="0">
  <testcase classname="organisation.IT_ORGANISATION_01_Test" name="Creating_a_organisation_with_valid_details_it" time="19.159"/>
</testsuite> <!-- organisation.IT_ORGANISATION_01_Test -->
