<?xml version="1.0" encoding="UTF-8"?>
<!-- Generated by org.testng.reporters.JUnitReportReporter -->
<testsuite hostname="DESKTOP-VP49CP5" failures="0" tests="1" name="leads.FT_LEADS_01" time="33.545" errors="0" timestamp="2023-08-13T22:23:05 PDT" skipped="0">
  <testcase classname="leads.FT_LEADS_01" name="Creating_a_lead_with_valid_details" time="33.545"/>
</testsuite> <!-- leads.FT_LEADS_01 -->
