<?xml version="1.0" encoding="UTF-8"?>
<!-- Generated by org.testng.reporters.JUnitReportReporter -->
<testsuite hostname="DESKTOP-VP49CP5" failures="0" tests="4" name="contacts.DemoData" time="0.011" errors="0" timestamp="2023-08-18T11:43:38 IST" skipped="0">
  <testcase classname="contacts.DemoData" name="demo" time="0.008"/>
  <testcase classname="contacts.DemoData" name="demo" time="0.001"/>
  <testcase classname="contacts.DemoData" name="demo" time="0.001"/>
  <testcase classname="contacts.DemoData" name="demo" time="0.001"/>
</testsuite> <!-- contacts.DemoData -->
