<?xml version="1.0" encoding="UTF-8"?>
<!-- Generated by org.testng.reporters.JUnitReportReporter -->
<testsuite hostname="DESKTOP-VP49CP5" failures="0" tests="1" name="contacts.FT_CONTACTS_01_Test" time="20.938" errors="0" timestamp="2023-08-22T21:12:01 IST" skipped="0">
  <testcase classname="contacts.FT_CONTACTS_01_Test" name="Creating_a_contact_with_valid_details_ft" time="20.938"/>
</testsuite> <!-- contacts.FT_CONTACTS_01_Test -->
