<?xml version="1.0" encoding="UTF-8"?>
<!-- Generated by org.testng.reporters.JUnitReportReporter -->
<testsuite hostname="DESKTOP-VP49CP5" failures="0" tests="1" name="organisation.IT_ORGANISATION_01" time="15.932" errors="0" timestamp="2023-08-14T09:39:51 PDT" skipped="0">
  <testcase classname="organisation.IT_ORGANISATION_01" name="Creating_a_organisation_with_valid_details" time="15.932"/>
</testsuite> <!-- organisation.IT_ORGANISATION_01 -->
