<?xml version="1.0" encoding="UTF-8"?>
<!-- Generated by org.testng.reporters.JUnitReportReporter -->
<testsuite hostname="DESKTOP-VP49CP5" failures="0" tests="1" name="troubletickets.FT_TROUBLETICKETS_01_Test" time="13.844" errors="0" timestamp="2023-08-20T09:01:17 IST" skipped="0">
  <testcase classname="troubletickets.FT_TROUBLETICKETS_01_Test" name="Creating_a_Trouble_Tickets_with_valid_details_ft" time="13.844"/>
</testsuite> <!-- troubletickets.FT_TROUBLETICKETS_01_Test -->
