<?xml version="1.0" encoding="UTF-8"?>
<!-- Generated by org.testng.reporters.JUnitReportReporter -->
<testsuite hostname="DESKTOP-VP49CP5" failures="0" tests="1" name="contacts.IT_CONTACTS_01_Test" time="38.128" errors="0" timestamp="2023-08-21T11:27:08 IST" skipped="0">
  <testcase classname="contacts.IT_CONTACTS_01_Test" name="Creating_a_contact_with_valid_details_it" time="38.128"/>
</testsuite> <!-- contacts.IT_CONTACTS_01_Test -->
