<?xml version="1.0" encoding="UTF-8"?>
<!-- Generated by org.testng.reporters.JUnitReportReporter -->
<testsuite hostname="ISHITA" name="practice.demo" tests="2" failures="0" timestamp="2 Aug 2023 05:58:32 GMT" time="0.005" errors="0">
  <testcase name="demo" time="0.005" classname="practice.demo"/>
  <testcase name="demo" time="0.000" classname="practice.demo"/>
</testsuite> <!-- practice.demo -->
