<?xml version="1.0" encoding="UTF-8"?>
<!-- Generated by org.testng.reporters.JUnitReportReporter -->
<testsuite hostname="DESKTOP-VP49CP5" failures="0" tests="1" name="documents.FT_DOCUMENTS_01" time="19.314" errors="0" timestamp="2023-08-22T18:42:56 IST" skipped="0">
  <testcase classname="documents.FT_DOCUMENTS_01" name="Creating_a_documents_with_valid_details_ft" time="19.314"/>
</testsuite> <!-- documents.FT_DOCUMENTS_01 -->
