<?xml version="1.0" encoding="UTF-8"?>
<!-- Generated by org.testng.reporters.JUnitReportReporter -->
<testsuite hostname="DESKTOP-VP49CP5" failures="0" tests="1" name="products.FT_PRODUCTS_01" time="18.408" errors="0" timestamp="2023-08-14T00:09:28 PDT" skipped="0">
  <testcase classname="products.FT_PRODUCTS_01" name="Creating_a_products_with_valid_details" time="18.408"/>
</testsuite> <!-- products.FT_PRODUCTS_01 -->
