<?xml version="1.0" encoding="UTF-8"?>
<!-- Generated by org.testng.reporters.JUnitReportReporter -->
<testsuite hostname="ISHITA" name="listnerp.Reporting" tests="1" failures="0" timestamp="9 Aug 2023 05:53:24 GMT" time="6.022" errors="0">
  <testcase name="demo" time="6.022" classname="listnerp.Reporting"/>
</testsuite> <!-- listnerp.Reporting -->
