<?xml version="1.0" encoding="UTF-8"?>
<!-- Generated by org.testng.reporters.JUnitReportReporter -->
<testsuite hostname="DESKTOP-VP49CP5" failures="0" tests="1" name="contacts.ST_CONTACTS_01" time="29.494" errors="0" timestamp="2023-08-16T05:19:42 PDT" skipped="0">
  <testcase classname="contacts.ST_CONTACTS_01" name="Creating_a_contact_with_valid_details" time="29.494"/>
</testsuite> <!-- contacts.ST_CONTACTS_01 -->
