<?xml version="1.0" encoding="UTF-8"?>
<!-- Generated by org.testng.reporters.JUnitReportReporter -->
<testsuite hostname="DESKTOP-VP49CP5" failures="0" tests="1" name="organisation.FT_ORGANISATION_01" time="17.850" errors="0" timestamp="2023-08-13T02:32:59 PDT" skipped="0">
  <testcase classname="organisation.FT_ORGANISATION_01" name="Creating_a_organisation_with_valid_details" time="17.850"/>
</testsuite> <!-- organisation.FT_ORGANISATION_01 -->
