<?xml version="1.0" encoding="UTF-8"?>
<!-- Generated by org.testng.reporters.JUnitReportReporter -->
<testsuite hostname="DESKTOP-VP49CP5" failures="0" tests="1" name="organisation.FT_ORGANISATION_01_Test" time="17.924" errors="0" timestamp="2023-08-22T10:51:06 IST" skipped="0">
  <testcase classname="organisation.FT_ORGANISATION_01_Test" name="Creating_a_organisation_with_valid_details_ft" time="17.924"/>
</testsuite> <!-- organisation.FT_ORGANISATION_01_Test -->
