<?xml version="1.0" encoding="UTF-8"?>
<!-- Generated by org.testng.reporters.JUnitReportReporter -->
<testsuite hostname="DESKTOP-VP49CP5" failures="0" tests="1" name="leads.ST_LEADS_01" time="39.136" errors="0" timestamp="2023-08-15T22:27:03 PDT" skipped="0">
  <testcase classname="leads.ST_LEADS_01" name="Creating_a_lead_with_valid_details" time="39.136"/>
</testsuite> <!-- leads.ST_LEADS_01 -->
