<?xml version="1.0" encoding="UTF-8"?>
<!-- Generated by org.testng.reporters.JUnitReportReporter -->
<testsuite hostname="DESKTOP-VP49CP5" failures="0" tests="1" name="leads.IT_LEADS_01" time="14.769" errors="0" timestamp="2023-08-14T09:09:16 PDT" skipped="0">
  <testcase classname="leads.IT_LEADS_01" name="Creating_a_lead_with_valid_details" time="14.769"/>
</testsuite> <!-- leads.IT_LEADS_01 -->
