<?xml version="1.0" encoding="UTF-8"?>
<!-- Generated by org.testng.reporters.JUnitReportReporter -->
<testsuite hostname="DESKTOP-VP49CP5" failures="0" tests="1" name="troubletickets.IT_TROUBLETICKETS_01" time="16.763" errors="0" timestamp="2023-08-14T09:51:13 PDT" skipped="0">
  <testcase classname="troubletickets.IT_TROUBLETICKETS_01" name="Creating_a_Trouble_Tickets_with_valid_details" time="16.763"/>
</testsuite> <!-- troubletickets.IT_TROUBLETICKETS_01 -->
